2018-10-11 10:08:58.982:INFO::Logging to STDERR via org.mortbay.log.StdErrLog
2018-10-11 10:08:59.073:INFO::jetty-6.1-SNAPSHOT
2018-10-11 10:08:59.154:WARN::Can't reuse /tmp/Jetty_0_0_0_0_8983_solr.war__solr__k1kf17, using /tmp/Jetty_0_0_0_0_8983_solr.war__solr__k1kf17_159951775050978378
2018-10-11 10:08:59.154:INFO::Extract file:/data/mt/ELRI/solr/webapps/solr.war to /tmp/Jetty_0_0_0_0_8983_solr.war__solr__k1kf17_159951775050978378/webapp
Oct 11, 2018 10:08:59 AM org.apache.solr.core.SolrResourceLoader locateSolrHome
INFO: JNDI not configured for solr (NoInitialContextEx)
Oct 11, 2018 10:08:59 AM org.apache.solr.core.SolrResourceLoader locateSolrHome
INFO: solr home defaulted to 'solr/' (could not find system property or JNDI)
Oct 11, 2018 10:08:59 AM org.apache.solr.core.SolrResourceLoader <init>
INFO: Solr home set to 'solr/'
Oct 11, 2018 10:08:59 AM org.apache.solr.servlet.SolrDispatchFilter init
INFO: SolrDispatchFilter.init()
Oct 11, 2018 10:08:59 AM org.apache.solr.core.SolrResourceLoader locateSolrHome
INFO: JNDI not configured for solr (NoInitialContextEx)
Oct 11, 2018 10:08:59 AM org.apache.solr.core.SolrResourceLoader locateSolrHome
INFO: solr home defaulted to 'solr/' (could not find system property or JNDI)
Oct 11, 2018 10:08:59 AM org.apache.solr.core.CoreContainer$Initializer initialize
INFO: looking for solr.xml: /data/mt/ELRI/solr/solr/solr.xml
Oct 11, 2018 10:08:59 AM org.apache.solr.core.SolrResourceLoader locateSolrHome
INFO: JNDI not configured for solr (NoInitialContextEx)
Oct 11, 2018 10:08:59 AM org.apache.solr.core.SolrResourceLoader locateSolrHome
INFO: solr home defaulted to 'solr/' (could not find system property or JNDI)
Oct 11, 2018 10:08:59 AM org.apache.solr.core.CoreContainer <init>
INFO: New CoreContainer: solrHome=solr/ instance=1418621776
Oct 11, 2018 10:08:59 AM org.apache.solr.core.SolrResourceLoader <init>
INFO: Solr home set to 'solr/'
Oct 11, 2018 10:08:59 AM org.apache.solr.core.SolrResourceLoader <init>
INFO: Solr home set to 'solr/main/'
Oct 11, 2018 10:08:59 AM org.apache.solr.core.SolrConfig initLibs
INFO: Adding specified lib dirs to ClassLoader
Oct 11, 2018 10:08:59 AM org.apache.solr.core.SolrConfig <init>
INFO: Using Lucene MatchVersion: LUCENE_35
Oct 11, 2018 10:08:59 AM org.apache.solr.core.SolrConfig <init>
INFO: Loaded SolrConfig: solrconfig.xml
Oct 11, 2018 10:08:59 AM org.apache.solr.schema.IndexSchema readSchema
INFO: Reading Solr Schema
Oct 11, 2018 10:08:59 AM org.apache.solr.schema.IndexSchema readSchema
INFO: Schema name=default
Oct 11, 2018 10:08:59 AM org.apache.solr.util.plugin.AbstractPluginLoader load
INFO: created string: org.apache.solr.schema.StrField
Oct 11, 2018 10:08:59 AM org.apache.solr.util.plugin.AbstractPluginLoader load
INFO: created boolean: org.apache.solr.schema.BoolField
Oct 11, 2018 10:08:59 AM org.apache.solr.util.plugin.AbstractPluginLoader load
INFO: created binary: org.apache.solr.schema.BinaryField
Oct 11, 2018 10:08:59 AM org.apache.solr.util.plugin.AbstractPluginLoader load
INFO: created int: org.apache.solr.schema.TrieIntField
Oct 11, 2018 10:08:59 AM org.apache.solr.util.plugin.AbstractPluginLoader load
INFO: created float: org.apache.solr.schema.TrieFloatField
Oct 11, 2018 10:08:59 AM org.apache.solr.util.plugin.AbstractPluginLoader load
INFO: created long: org.apache.solr.schema.TrieLongField
Oct 11, 2018 10:08:59 AM org.apache.solr.util.plugin.AbstractPluginLoader load
INFO: created double: org.apache.solr.schema.TrieDoubleField
Oct 11, 2018 10:08:59 AM org.apache.solr.util.plugin.AbstractPluginLoader load
INFO: created tint: org.apache.solr.schema.TrieIntField
Oct 11, 2018 10:08:59 AM org.apache.solr.util.plugin.AbstractPluginLoader load
INFO: created tfloat: org.apache.solr.schema.TrieFloatField
Oct 11, 2018 10:08:59 AM org.apache.solr.util.plugin.AbstractPluginLoader load
INFO: created tlong: org.apache.solr.schema.TrieLongField
Oct 11, 2018 10:08:59 AM org.apache.solr.util.plugin.AbstractPluginLoader load
INFO: created tdouble: org.apache.solr.schema.TrieDoubleField
Oct 11, 2018 10:08:59 AM org.apache.solr.util.plugin.AbstractPluginLoader load
INFO: created date: org.apache.solr.schema.TrieDateField
Oct 11, 2018 10:08:59 AM org.apache.solr.util.plugin.AbstractPluginLoader load
INFO: created tdate: org.apache.solr.schema.TrieDateField
Oct 11, 2018 10:08:59 AM org.apache.solr.util.plugin.AbstractPluginLoader load
INFO: created point: org.apache.solr.schema.PointType
Oct 11, 2018 10:08:59 AM org.apache.solr.util.plugin.AbstractPluginLoader load
INFO: created location: org.apache.solr.schema.LatLonType
Oct 11, 2018 10:08:59 AM org.apache.solr.util.plugin.AbstractPluginLoader load
INFO: created geohash: org.apache.solr.schema.GeoHashField
Oct 11, 2018 10:08:59 AM org.apache.solr.util.plugin.AbstractPluginLoader load
INFO: created : org.apache.solr.analysis.StandardTokenizerFactory
Oct 11, 2018 10:08:59 AM org.apache.solr.util.plugin.AbstractPluginLoader load
INFO: created : org.apache.solr.analysis.StopFilterFactory
Oct 11, 2018 10:08:59 AM org.apache.solr.util.plugin.AbstractPluginLoader load
INFO: created : org.apache.solr.analysis.SynonymFilterFactory
Oct 11, 2018 10:08:59 AM org.apache.solr.util.plugin.AbstractPluginLoader load
INFO: created : org.apache.solr.analysis.LowerCaseFilterFactory
Oct 11, 2018 10:08:59 AM org.apache.solr.util.plugin.AbstractPluginLoader load
INFO: created : org.apache.solr.analysis.StandardTokenizerFactory
Oct 11, 2018 10:08:59 AM org.apache.solr.util.plugin.AbstractPluginLoader load
INFO: created : org.apache.solr.analysis.StopFilterFactory
Oct 11, 2018 10:08:59 AM org.apache.solr.util.plugin.AbstractPluginLoader load
INFO: created : org.apache.solr.analysis.LowerCaseFilterFactory
Oct 11, 2018 10:08:59 AM org.apache.solr.util.plugin.AbstractPluginLoader load
INFO: created text_general: org.apache.solr.schema.TextField
Oct 11, 2018 10:08:59 AM org.apache.solr.util.plugin.AbstractPluginLoader load
INFO: created : org.apache.solr.analysis.StandardTokenizerFactory
Oct 11, 2018 10:08:59 AM org.apache.solr.util.plugin.AbstractPluginLoader load
INFO: created : org.apache.solr.analysis.StopFilterFactory
Oct 11, 2018 10:08:59 AM org.apache.solr.util.plugin.AbstractPluginLoader load
INFO: created : org.apache.solr.analysis.LowerCaseFilterFactory
Oct 11, 2018 10:08:59 AM org.apache.solr.util.plugin.AbstractPluginLoader load
INFO: created : org.apache.solr.analysis.EnglishPossessiveFilterFactory
Oct 11, 2018 10:08:59 AM org.apache.solr.util.plugin.AbstractPluginLoader load
INFO: created : org.apache.solr.analysis.PorterStemFilterFactory
Oct 11, 2018 10:08:59 AM org.apache.solr.util.plugin.AbstractPluginLoader load
INFO: created : org.apache.solr.analysis.StandardTokenizerFactory
Oct 11, 2018 10:08:59 AM org.apache.solr.util.plugin.AbstractPluginLoader load
INFO: created : org.apache.solr.analysis.StopFilterFactory
Oct 11, 2018 10:08:59 AM org.apache.solr.util.plugin.AbstractPluginLoader load
INFO: created : org.apache.solr.analysis.WordDelimiterFilterFactory
Oct 11, 2018 10:08:59 AM org.apache.solr.util.plugin.AbstractPluginLoader load
INFO: created : org.apache.solr.analysis.LowerCaseFilterFactory
Oct 11, 2018 10:08:59 AM org.apache.solr.util.plugin.AbstractPluginLoader load
INFO: created : org.apache.solr.analysis.EnglishPossessiveFilterFactory
Oct 11, 2018 10:08:59 AM org.apache.solr.util.plugin.AbstractPluginLoader load
INFO: created : org.apache.solr.analysis.PorterStemFilterFactory
Oct 11, 2018 10:08:59 AM org.apache.solr.util.plugin.AbstractPluginLoader load
INFO: created text_en: org.apache.solr.schema.TextField
Oct 11, 2018 10:08:59 AM org.apache.solr.util.plugin.AbstractPluginLoader load
INFO: created : org.apache.solr.analysis.WhitespaceTokenizerFactory
Oct 11, 2018 10:08:59 AM org.apache.solr.util.plugin.AbstractPluginLoader load
INFO: created text_ws: org.apache.solr.schema.TextField
Oct 11, 2018 10:08:59 AM org.apache.solr.util.plugin.AbstractPluginLoader load
INFO: created : org.apache.solr.analysis.KeywordTokenizerFactory
Oct 11, 2018 10:08:59 AM org.apache.solr.util.plugin.AbstractPluginLoader load
INFO: created : org.apache.solr.analysis.LowerCaseFilterFactory
Oct 11, 2018 10:08:59 AM org.apache.solr.util.plugin.AbstractPluginLoader load
INFO: created : org.apache.solr.analysis.KeywordTokenizerFactory
Oct 11, 2018 10:08:59 AM org.apache.solr.util.plugin.AbstractPluginLoader load
INFO: created : org.apache.solr.analysis.LowerCaseFilterFactory
Oct 11, 2018 10:08:59 AM org.apache.solr.util.plugin.AbstractPluginLoader load
INFO: created : org.apache.solr.analysis.NGramFilterFactory
Oct 11, 2018 10:08:59 AM org.apache.solr.util.plugin.AbstractPluginLoader load
INFO: created ngram: org.apache.solr.schema.TextField
Oct 11, 2018 10:08:59 AM org.apache.solr.util.plugin.AbstractPluginLoader load
INFO: created : org.apache.solr.analysis.WhitespaceTokenizerFactory
Oct 11, 2018 10:08:59 AM org.apache.solr.util.plugin.AbstractPluginLoader load
INFO: created : org.apache.solr.analysis.LowerCaseFilterFactory
Oct 11, 2018 10:08:59 AM org.apache.solr.util.plugin.AbstractPluginLoader load
INFO: created : org.apache.solr.analysis.WordDelimiterFilterFactory
Oct 11, 2018 10:08:59 AM org.apache.solr.util.plugin.AbstractPluginLoader load
INFO: created : org.apache.solr.analysis.WhitespaceTokenizerFactory
Oct 11, 2018 10:08:59 AM org.apache.solr.util.plugin.AbstractPluginLoader load
INFO: created : org.apache.solr.analysis.LowerCaseFilterFactory
Oct 11, 2018 10:08:59 AM org.apache.solr.util.plugin.AbstractPluginLoader load
INFO: created : org.apache.solr.analysis.WordDelimiterFilterFactory
Oct 11, 2018 10:08:59 AM org.apache.solr.util.plugin.AbstractPluginLoader load
INFO: created : org.apache.solr.analysis.EdgeNGramFilterFactory
Oct 11, 2018 10:08:59 AM org.apache.solr.util.plugin.AbstractPluginLoader load
INFO: created edge_ngram: org.apache.solr.schema.TextField
Oct 11, 2018 10:08:59 AM org.apache.solr.schema.IndexSchema readSchema
INFO: default search field is text
Oct 11, 2018 10:08:59 AM org.apache.solr.schema.IndexSchema readSchema
INFO: query parser default operator is AND
Oct 11, 2018 10:08:59 AM org.apache.solr.schema.IndexSchema readSchema
INFO: unique key field: id
Oct 11, 2018 10:08:59 AM org.apache.solr.analysis.FSTSynonymFilterFactory inform
WARNING: Synonyms loaded with {expand=true, ignoreCase=true, synonyms=synonyms.txt, luceneMatchVersion=LUCENE_35} has empty rule set!
Oct 11, 2018 10:08:59 AM org.apache.solr.core.SolrCore <init>
INFO: [main] Opening new SolrCore at solr/main/, dataDir=solr/main/data/
Oct 11, 2018 10:08:59 AM org.apache.solr.core.JmxMonitoredMap <init>
INFO: No JMX servers found, not exposing Solr information with JMX.
Oct 11, 2018 10:08:59 AM org.apache.solr.core.SolrCore initListeners
INFO: [main] Added SolrEventListener for newSearcher: org.apache.solr.core.QuerySenderListener{queries=[]}
Oct 11, 2018 10:08:59 AM org.apache.solr.core.SolrCore initListeners
INFO: [main] Added SolrEventListener for firstSearcher: org.apache.solr.core.QuerySenderListener{queries=[{q=static firstSearcher warming in solrconfig.xml}]}
Oct 11, 2018 10:08:59 AM org.apache.solr.core.RequestHandlers initHandlersFromConfig
INFO: created search: solr.SearchHandler
Oct 11, 2018 10:08:59 AM org.apache.solr.core.RequestHandlers initHandlersFromConfig
INFO: created /update: solr.XmlUpdateRequestHandler
Oct 11, 2018 10:08:59 AM org.apache.solr.core.RequestHandlers initHandlersFromConfig
INFO: created /update/javabin: solr.BinaryUpdateRequestHandler
Oct 11, 2018 10:08:59 AM org.apache.solr.core.RequestHandlers initHandlersFromConfig
INFO: adding lazy requestHandler: solr.CSVRequestHandler
Oct 11, 2018 10:08:59 AM org.apache.solr.core.RequestHandlers initHandlersFromConfig
INFO: created /update/csv: solr.CSVRequestHandler
Oct 11, 2018 10:08:59 AM org.apache.solr.core.RequestHandlers initHandlersFromConfig
INFO: adding lazy requestHandler: solr.JsonUpdateRequestHandler
Oct 11, 2018 10:08:59 AM org.apache.solr.core.RequestHandlers initHandlersFromConfig
INFO: created /update/json: solr.JsonUpdateRequestHandler
Oct 11, 2018 10:08:59 AM org.apache.solr.core.RequestHandlers initHandlersFromConfig
INFO: adding lazy requestHandler: solr.FieldAnalysisRequestHandler
Oct 11, 2018 10:08:59 AM org.apache.solr.core.RequestHandlers initHandlersFromConfig
INFO: created /analysis/field: solr.FieldAnalysisRequestHandler
Oct 11, 2018 10:08:59 AM org.apache.solr.core.RequestHandlers initHandlersFromConfig
INFO: adding lazy requestHandler: solr.DocumentAnalysisRequestHandler
Oct 11, 2018 10:08:59 AM org.apache.solr.core.RequestHandlers initHandlersFromConfig
INFO: created /analysis/document: solr.DocumentAnalysisRequestHandler
Oct 11, 2018 10:08:59 AM org.apache.solr.core.RequestHandlers initHandlersFromConfig
INFO: created /admin/: solr.admin.AdminHandlers
Oct 11, 2018 10:08:59 AM org.apache.solr.core.RequestHandlers initHandlersFromConfig
INFO: created /admin/ping: solr.PingRequestHandler
Oct 11, 2018 10:08:59 AM org.apache.solr.core.RequestHandlers initHandlersFromConfig
INFO: created /debug/dump: solr.DumpRequestHandler
Oct 11, 2018 10:08:59 AM org.apache.solr.core.RequestHandlers initHandlersFromConfig
INFO: adding lazy requestHandler: solr.SearchHandler
Oct 11, 2018 10:08:59 AM org.apache.solr.core.RequestHandlers initHandlersFromConfig
INFO: created /spell: solr.SearchHandler
Oct 11, 2018 10:08:59 AM org.apache.solr.search.SolrIndexSearcher <init>
INFO: Opening Searcher@6e4784bc main
Oct 11, 2018 10:08:59 AM org.apache.solr.update.CommitTracker <init>
INFO: commitTracker AutoCommit: disabled
Oct 11, 2018 10:08:59 AM org.apache.solr.handler.component.SpellCheckComponent inform
INFO: Initializing spell checkers
Oct 11, 2018 10:08:59 AM org.apache.solr.handler.component.SpellCheckComponent inform
WARNING: No queryConverter defined, using default converter
Oct 11, 2018 10:08:59 AM org.apache.solr.handler.component.SearchHandler inform
INFO: Adding  component:org.apache.solr.handler.component.QueryComponent@71809907
Oct 11, 2018 10:08:59 AM org.apache.solr.handler.component.SearchHandler inform
INFO: Adding  component:org.apache.solr.handler.component.FacetComponent@3ce1e309
Oct 11, 2018 10:08:59 AM org.apache.solr.handler.component.SearchHandler inform
INFO: Adding  component:org.apache.solr.handler.component.MoreLikeThisComponent@6aba2b86
Oct 11, 2018 10:08:59 AM org.apache.solr.handler.component.SearchHandler inform
INFO: Adding  component:org.apache.solr.handler.component.HighlightComponent@158da8e
Oct 11, 2018 10:08:59 AM org.apache.solr.handler.component.SearchHandler inform
INFO: Adding  component:org.apache.solr.handler.component.StatsComponent@74e52303
Oct 11, 2018 10:08:59 AM org.apache.solr.handler.component.SearchHandler inform
INFO: Adding  debug component:org.apache.solr.handler.component.DebugComponent@47af7f3d
Oct 11, 2018 10:08:59 AM org.apache.solr.core.CoreContainer register
INFO: registering core: main
Oct 11, 2018 10:08:59 AM org.apache.solr.core.QuerySenderListener newSearcher
INFO: QuerySenderListener sending requests to Searcher@6e4784bc main
Oct 11, 2018 10:08:59 AM org.apache.solr.core.SolrResourceLoader <init>
INFO: Solr home set to 'solr/testing/'
Oct 11, 2018 10:08:59 AM org.apache.solr.core.SolrConfig initLibs
INFO: Adding specified lib dirs to ClassLoader
Oct 11, 2018 10:08:59 AM org.apache.solr.core.SolrConfig <init>
INFO: Using Lucene MatchVersion: LUCENE_35
Oct 11, 2018 10:08:59 AM org.apache.solr.core.SolrConfig <init>
INFO: Loaded SolrConfig: solrconfig.xml
Oct 11, 2018 10:08:59 AM org.apache.solr.schema.IndexSchema readSchema
INFO: Reading Solr Schema
Oct 11, 2018 10:08:59 AM org.apache.solr.schema.IndexSchema readSchema
INFO: Schema name=default
Oct 11, 2018 10:08:59 AM org.apache.solr.util.plugin.AbstractPluginLoader load
INFO: created string: org.apache.solr.schema.StrField
Oct 11, 2018 10:08:59 AM org.apache.solr.util.plugin.AbstractPluginLoader load
INFO: created boolean: org.apache.solr.schema.BoolField
Oct 11, 2018 10:08:59 AM org.apache.solr.util.plugin.AbstractPluginLoader load
INFO: created binary: org.apache.solr.schema.BinaryField
Oct 11, 2018 10:08:59 AM org.apache.solr.core.SolrCore execute
INFO: [main] webapp=null path=null params={q=static+firstSearcher+warming+in+solrconfig.xml&event=firstSearcher} hits=0 status=0 QTime=46 
Oct 11, 2018 10:08:59 AM org.apache.solr.core.QuerySenderListener newSearcher
INFO: QuerySenderListener done.
Oct 11, 2018 10:08:59 AM org.apache.solr.handler.component.SpellCheckComponent$SpellCheckerListener newSearcher
INFO: Loading spell index for spellchecker: default
Oct 11, 2018 10:08:59 AM org.apache.solr.util.plugin.AbstractPluginLoader load
INFO: created int: org.apache.solr.schema.TrieIntField
Oct 11, 2018 10:08:59 AM org.apache.solr.util.plugin.AbstractPluginLoader load
INFO: created float: org.apache.solr.schema.TrieFloatField
Oct 11, 2018 10:08:59 AM org.apache.solr.core.SolrCore registerSearcher
INFO: [main] Registered new searcher Searcher@6e4784bc main
Oct 11, 2018 10:08:59 AM org.apache.solr.util.plugin.AbstractPluginLoader load
INFO: created long: org.apache.solr.schema.TrieLongField
Oct 11, 2018 10:08:59 AM org.apache.solr.util.plugin.AbstractPluginLoader load
INFO: created double: org.apache.solr.schema.TrieDoubleField
Oct 11, 2018 10:08:59 AM org.apache.solr.util.plugin.AbstractPluginLoader load
INFO: created tint: org.apache.solr.schema.TrieIntField
Oct 11, 2018 10:08:59 AM org.apache.solr.util.plugin.AbstractPluginLoader load
INFO: created tfloat: org.apache.solr.schema.TrieFloatField
Oct 11, 2018 10:08:59 AM org.apache.solr.util.plugin.AbstractPluginLoader load
INFO: created tlong: org.apache.solr.schema.TrieLongField
Oct 11, 2018 10:08:59 AM org.apache.solr.util.plugin.AbstractPluginLoader load
INFO: created tdouble: org.apache.solr.schema.TrieDoubleField
Oct 11, 2018 10:08:59 AM org.apache.solr.util.plugin.AbstractPluginLoader load
INFO: created date: org.apache.solr.schema.TrieDateField
Oct 11, 2018 10:08:59 AM org.apache.solr.util.plugin.AbstractPluginLoader load
INFO: created tdate: org.apache.solr.schema.TrieDateField
Oct 11, 2018 10:08:59 AM org.apache.solr.util.plugin.AbstractPluginLoader load
INFO: created point: org.apache.solr.schema.PointType
Oct 11, 2018 10:08:59 AM org.apache.solr.util.plugin.AbstractPluginLoader load
INFO: created location: org.apache.solr.schema.LatLonType
Oct 11, 2018 10:08:59 AM org.apache.solr.util.plugin.AbstractPluginLoader load
INFO: created geohash: org.apache.solr.schema.GeoHashField
Oct 11, 2018 10:08:59 AM org.apache.solr.util.plugin.AbstractPluginLoader load
INFO: created : org.apache.solr.analysis.StandardTokenizerFactory
Oct 11, 2018 10:08:59 AM org.apache.solr.util.plugin.AbstractPluginLoader load
INFO: created : org.apache.solr.analysis.StopFilterFactory
Oct 11, 2018 10:08:59 AM org.apache.solr.util.plugin.AbstractPluginLoader load
INFO: created : org.apache.solr.analysis.SynonymFilterFactory
Oct 11, 2018 10:08:59 AM org.apache.solr.util.plugin.AbstractPluginLoader load
INFO: created : org.apache.solr.analysis.LowerCaseFilterFactory
Oct 11, 2018 10:08:59 AM org.apache.solr.util.plugin.AbstractPluginLoader load
INFO: created : org.apache.solr.analysis.StandardTokenizerFactory
Oct 11, 2018 10:08:59 AM org.apache.solr.util.plugin.AbstractPluginLoader load
INFO: created : org.apache.solr.analysis.StopFilterFactory
Oct 11, 2018 10:08:59 AM org.apache.solr.util.plugin.AbstractPluginLoader load
INFO: created : org.apache.solr.analysis.LowerCaseFilterFactory
Oct 11, 2018 10:08:59 AM org.apache.solr.util.plugin.AbstractPluginLoader load
INFO: created text_general: org.apache.solr.schema.TextField
Oct 11, 2018 10:08:59 AM org.apache.solr.util.plugin.AbstractPluginLoader load
INFO: created : org.apache.solr.analysis.StandardTokenizerFactory
Oct 11, 2018 10:08:59 AM org.apache.solr.util.plugin.AbstractPluginLoader load
INFO: created : org.apache.solr.analysis.StopFilterFactory
Oct 11, 2018 10:08:59 AM org.apache.solr.util.plugin.AbstractPluginLoader load
INFO: created : org.apache.solr.analysis.LowerCaseFilterFactory
Oct 11, 2018 10:08:59 AM org.apache.solr.util.plugin.AbstractPluginLoader load
INFO: created : org.apache.solr.analysis.EnglishPossessiveFilterFactory
Oct 11, 2018 10:08:59 AM org.apache.solr.util.plugin.AbstractPluginLoader load
INFO: created : org.apache.solr.analysis.PorterStemFilterFactory
Oct 11, 2018 10:08:59 AM org.apache.solr.util.plugin.AbstractPluginLoader load
INFO: created : org.apache.solr.analysis.StandardTokenizerFactory
Oct 11, 2018 10:08:59 AM org.apache.solr.util.plugin.AbstractPluginLoader load
INFO: created : org.apache.solr.analysis.StopFilterFactory
Oct 11, 2018 10:08:59 AM org.apache.solr.util.plugin.AbstractPluginLoader load
INFO: created : org.apache.solr.analysis.WordDelimiterFilterFactory
Oct 11, 2018 10:08:59 AM org.apache.solr.util.plugin.AbstractPluginLoader load
INFO: created : org.apache.solr.analysis.LowerCaseFilterFactory
Oct 11, 2018 10:08:59 AM org.apache.solr.util.plugin.AbstractPluginLoader load
INFO: created : org.apache.solr.analysis.EnglishPossessiveFilterFactory
Oct 11, 2018 10:08:59 AM org.apache.solr.util.plugin.AbstractPluginLoader load
INFO: created : org.apache.solr.analysis.PorterStemFilterFactory
Oct 11, 2018 10:08:59 AM org.apache.solr.util.plugin.AbstractPluginLoader load
INFO: created text_en: org.apache.solr.schema.TextField
Oct 11, 2018 10:08:59 AM org.apache.solr.util.plugin.AbstractPluginLoader load
INFO: created : org.apache.solr.analysis.WhitespaceTokenizerFactory
Oct 11, 2018 10:08:59 AM org.apache.solr.util.plugin.AbstractPluginLoader load
INFO: created text_ws: org.apache.solr.schema.TextField
Oct 11, 2018 10:08:59 AM org.apache.solr.util.plugin.AbstractPluginLoader load
INFO: created : org.apache.solr.analysis.KeywordTokenizerFactory
Oct 11, 2018 10:08:59 AM org.apache.solr.util.plugin.AbstractPluginLoader load
INFO: created : org.apache.solr.analysis.LowerCaseFilterFactory
Oct 11, 2018 10:08:59 AM org.apache.solr.util.plugin.AbstractPluginLoader load
INFO: created : org.apache.solr.analysis.KeywordTokenizerFactory
Oct 11, 2018 10:08:59 AM org.apache.solr.util.plugin.AbstractPluginLoader load
INFO: created : org.apache.solr.analysis.LowerCaseFilterFactory
Oct 11, 2018 10:08:59 AM org.apache.solr.util.plugin.AbstractPluginLoader load
INFO: created : org.apache.solr.analysis.NGramFilterFactory
Oct 11, 2018 10:08:59 AM org.apache.solr.util.plugin.AbstractPluginLoader load
INFO: created ngram: org.apache.solr.schema.TextField
Oct 11, 2018 10:08:59 AM org.apache.solr.util.plugin.AbstractPluginLoader load
INFO: created : org.apache.solr.analysis.WhitespaceTokenizerFactory
Oct 11, 2018 10:08:59 AM org.apache.solr.util.plugin.AbstractPluginLoader load
INFO: created : org.apache.solr.analysis.LowerCaseFilterFactory
Oct 11, 2018 10:08:59 AM org.apache.solr.util.plugin.AbstractPluginLoader load
INFO: created : org.apache.solr.analysis.WordDelimiterFilterFactory
Oct 11, 2018 10:08:59 AM org.apache.solr.util.plugin.AbstractPluginLoader load
INFO: created : org.apache.solr.analysis.WhitespaceTokenizerFactory
Oct 11, 2018 10:08:59 AM org.apache.solr.util.plugin.AbstractPluginLoader load
INFO: created : org.apache.solr.analysis.LowerCaseFilterFactory
Oct 11, 2018 10:08:59 AM org.apache.solr.util.plugin.AbstractPluginLoader load
INFO: created : org.apache.solr.analysis.WordDelimiterFilterFactory
Oct 11, 2018 10:08:59 AM org.apache.solr.util.plugin.AbstractPluginLoader load
INFO: created : org.apache.solr.analysis.EdgeNGramFilterFactory
Oct 11, 2018 10:08:59 AM org.apache.solr.util.plugin.AbstractPluginLoader load
INFO: created edge_ngram: org.apache.solr.schema.TextField
Oct 11, 2018 10:08:59 AM org.apache.solr.schema.IndexSchema readSchema
INFO: default search field is text
Oct 11, 2018 10:08:59 AM org.apache.solr.schema.IndexSchema readSchema
INFO: query parser default operator is AND
Oct 11, 2018 10:08:59 AM org.apache.solr.schema.IndexSchema readSchema
INFO: unique key field: id
Oct 11, 2018 10:09:00 AM org.apache.solr.analysis.FSTSynonymFilterFactory inform
WARNING: Synonyms loaded with {expand=true, ignoreCase=true, synonyms=synonyms.txt, luceneMatchVersion=LUCENE_35} has empty rule set!
Oct 11, 2018 10:09:00 AM org.apache.solr.core.SolrCore <init>
INFO: [testing] Opening new SolrCore at solr/testing/, dataDir=solr/testing/data/
Oct 11, 2018 10:09:00 AM org.apache.solr.core.JmxMonitoredMap <init>
INFO: No JMX servers found, not exposing Solr information with JMX.
Oct 11, 2018 10:09:00 AM org.apache.solr.core.SolrCore initListeners
INFO: [testing] Added SolrEventListener for newSearcher: org.apache.solr.core.QuerySenderListener{queries=[]}
Oct 11, 2018 10:09:00 AM org.apache.solr.core.SolrCore initListeners
INFO: [testing] Added SolrEventListener for firstSearcher: org.apache.solr.core.QuerySenderListener{queries=[{q=static firstSearcher warming in solrconfig.xml}]}
Oct 11, 2018 10:09:00 AM org.apache.solr.core.RequestHandlers initHandlersFromConfig
INFO: created search: solr.SearchHandler
Oct 11, 2018 10:09:00 AM org.apache.solr.core.RequestHandlers initHandlersFromConfig
INFO: created /update: solr.XmlUpdateRequestHandler
Oct 11, 2018 10:09:00 AM org.apache.solr.core.RequestHandlers initHandlersFromConfig
INFO: created /update/javabin: solr.BinaryUpdateRequestHandler
Oct 11, 2018 10:09:00 AM org.apache.solr.core.RequestHandlers initHandlersFromConfig
INFO: adding lazy requestHandler: solr.CSVRequestHandler
Oct 11, 2018 10:09:00 AM org.apache.solr.core.RequestHandlers initHandlersFromConfig
INFO: created /update/csv: solr.CSVRequestHandler
Oct 11, 2018 10:09:00 AM org.apache.solr.core.RequestHandlers initHandlersFromConfig
INFO: adding lazy requestHandler: solr.JsonUpdateRequestHandler
Oct 11, 2018 10:09:00 AM org.apache.solr.core.RequestHandlers initHandlersFromConfig
INFO: created /update/json: solr.JsonUpdateRequestHandler
Oct 11, 2018 10:09:00 AM org.apache.solr.core.RequestHandlers initHandlersFromConfig
INFO: adding lazy requestHandler: solr.FieldAnalysisRequestHandler
Oct 11, 2018 10:09:00 AM org.apache.solr.core.RequestHandlers initHandlersFromConfig
INFO: created /analysis/field: solr.FieldAnalysisRequestHandler
Oct 11, 2018 10:09:00 AM org.apache.solr.core.RequestHandlers initHandlersFromConfig
INFO: adding lazy requestHandler: solr.DocumentAnalysisRequestHandler
Oct 11, 2018 10:09:00 AM org.apache.solr.core.RequestHandlers initHandlersFromConfig
INFO: created /analysis/document: solr.DocumentAnalysisRequestHandler
Oct 11, 2018 10:09:00 AM org.apache.solr.core.RequestHandlers initHandlersFromConfig
INFO: created /admin/: solr.admin.AdminHandlers
Oct 11, 2018 10:09:00 AM org.apache.solr.core.RequestHandlers initHandlersFromConfig
INFO: created /admin/ping: solr.PingRequestHandler
Oct 11, 2018 10:09:00 AM org.apache.solr.core.RequestHandlers initHandlersFromConfig
INFO: created /debug/dump: solr.DumpRequestHandler
Oct 11, 2018 10:09:00 AM org.apache.solr.core.RequestHandlers initHandlersFromConfig
INFO: adding lazy requestHandler: solr.SearchHandler
Oct 11, 2018 10:09:00 AM org.apache.solr.core.RequestHandlers initHandlersFromConfig
INFO: created /spell: solr.SearchHandler
Oct 11, 2018 10:09:00 AM org.apache.solr.search.SolrIndexSearcher <init>
INFO: Opening Searcher@2a798d51 main
Oct 11, 2018 10:09:00 AM org.apache.solr.update.CommitTracker <init>
INFO: commitTracker AutoCommit: disabled
Oct 11, 2018 10:09:00 AM org.apache.solr.handler.component.SpellCheckComponent inform
INFO: Initializing spell checkers
Oct 11, 2018 10:09:00 AM org.apache.solr.handler.component.SpellCheckComponent inform
WARNING: No queryConverter defined, using default converter
Oct 11, 2018 10:09:00 AM org.apache.solr.handler.component.SearchHandler inform
INFO: Adding  component:org.apache.solr.handler.component.QueryComponent@515aebb0
Oct 11, 2018 10:09:00 AM org.apache.solr.handler.component.SearchHandler inform
INFO: Adding  component:org.apache.solr.handler.component.FacetComponent@dd8ba08
Oct 11, 2018 10:09:00 AM org.apache.solr.handler.component.SearchHandler inform
INFO: Adding  component:org.apache.solr.handler.component.MoreLikeThisComponent@245b4bdc
Oct 11, 2018 10:09:00 AM org.apache.solr.handler.component.SearchHandler inform
INFO: Adding  component:org.apache.solr.handler.component.HighlightComponent@6c64cb25
Oct 11, 2018 10:09:00 AM org.apache.solr.handler.component.SearchHandler inform
INFO: Adding  component:org.apache.solr.handler.component.StatsComponent@6ae5aa72
Oct 11, 2018 10:09:00 AM org.apache.solr.handler.component.SearchHandler inform
INFO: Adding  debug component:org.apache.solr.handler.component.DebugComponent@222545dc
Oct 11, 2018 10:09:00 AM org.apache.solr.core.CoreContainer register
INFO: registering core: testing
Oct 11, 2018 10:09:00 AM org.apache.solr.core.QuerySenderListener newSearcher
INFO: QuerySenderListener sending requests to Searcher@2a798d51 main
Oct 11, 2018 10:09:00 AM org.apache.solr.servlet.SolrDispatchFilter init
INFO: user.dir=/data/mt/ELRI/solr
Oct 11, 2018 10:09:00 AM org.apache.solr.servlet.SolrDispatchFilter init
INFO: SolrDispatchFilter.init() done
Oct 11, 2018 10:09:00 AM org.apache.solr.core.SolrCore execute
INFO: [testing] webapp=null path=null params={q=static+firstSearcher+warming+in+solrconfig.xml&event=firstSearcher} hits=0 status=0 QTime=2 
Oct 11, 2018 10:09:00 AM org.apache.solr.core.QuerySenderListener newSearcher
INFO: QuerySenderListener done.
Oct 11, 2018 10:09:00 AM org.apache.solr.handler.component.SpellCheckComponent$SpellCheckerListener newSearcher
INFO: Loading spell index for spellchecker: default
Oct 11, 2018 10:09:00 AM org.apache.solr.core.SolrCore registerSearcher
INFO: [testing] Registered new searcher Searcher@2a798d51 main
Oct 11, 2018 10:09:00 AM org.apache.solr.servlet.SolrServlet init
INFO: SolrServlet.init()
Oct 11, 2018 10:09:00 AM org.apache.solr.core.SolrResourceLoader locateSolrHome
INFO: JNDI not configured for solr (NoInitialContextEx)
Oct 11, 2018 10:09:00 AM org.apache.solr.core.SolrResourceLoader locateSolrHome
INFO: solr home defaulted to 'solr/' (could not find system property or JNDI)
Oct 11, 2018 10:09:00 AM org.apache.solr.servlet.SolrServlet init
INFO: SolrServlet.init() done
Oct 11, 2018 10:09:00 AM org.apache.solr.core.SolrResourceLoader locateSolrHome
INFO: JNDI not configured for solr (NoInitialContextEx)
Oct 11, 2018 10:09:00 AM org.apache.solr.core.SolrResourceLoader locateSolrHome
INFO: solr home defaulted to 'solr/' (could not find system property or JNDI)
Oct 11, 2018 10:09:00 AM org.apache.solr.servlet.SolrUpdateServlet init
INFO: SolrUpdateServlet.init() done
2018-10-11 10:09:00.057:INFO::Started SocketConnector@0.0.0.0:8983
Oct 11, 2018 10:09:04 AM org.apache.solr.core.SolrCore execute
INFO: [main] webapp=/solr path=/select/ params={q=*:*&fl=*+score&start=0&fq=django_ct:(repository.resourceinfotype_model)&rows=1&wt=json} hits=0 status=0 QTime=4 
Oct 11, 2018 10:09:05 AM org.apache.solr.core.SolrCore execute
INFO: [main] webapp=/solr path=/select/ params={q=*:*&fl=*+score&start=0&fq=django_ct:(repository.resourceinfotype_model)&rows=1&wt=json} hits=0 status=0 QTime=2 
